<?xml version="1.0" encoding="UTF-8"?>
<!-- Generated by org.testng.reporters.JUnitReportReporter -->
<testsuite hostname="PAVANTEJA" failures="0" tests="5" name="runner.TestRunner" time="4.848" errors="0" timestamp="2022-11-01T09:24:59 IST" skipped="0">
  <testcase classname="runner.TestRunner" name="runScenario" time="0.239"/>
  <system-out/>
  <testcase classname="runner.TestRunner" name="runScenario" time="2.849"/>
  <system-out/>
  <testcase classname="runner.TestRunner" name="runScenario" time="0.784"/>
  <system-out/>
  <testcase classname="runner.TestRunner" name="runScenario" time="0.522"/>
  <system-out/>
  <testcase classname="runner.TestRunner" name="runScenario" time="0.454"/>
  <system-out/>
</testsuite> <!-- runner.TestRunner -->
